Added Component: Designator=J6(RJ45_1_PORT_NOLED)
Add component (AddParameter): Name = "Distributor"; Value = "Mouser"; VariantName = "[No Variations]"
Add component (AddParameter): Name = "Link"; Value = "https://cz.mouser.com/ProductDetail/Amphenol-Commercial-Products/RJSBE5380C1?qs=LiXFYW4OVo%2FdVDofBGy8HQ%3D%3D"; VariantName = "[No Variations]"
Add component (AddParameter): Name = "Manufacturer"; Value = "Amphenol"; VariantName = "[No Variations]"
Add component (AddParameter): Name = "Package"; Value = "RJ-45"; VariantName = "[No Variations]"
Add component (AddParameter): Name = "Part Number"; Value = "RJSBE5380C1"; VariantName = "[No Variations]"
Added Component: Designator=U2(VSSOP-8)
Add component (AddParameter): Name = "Distributor"; Value = "Mouser"; VariantName = "[No Variations]"
Add component (AddParameter): Name = "Link"; Value = "https://cz.mouser.com/ProductDetail/Texas-Instruments/TMP275AIDGKR?qs=RnzODY3cU8v9LWMH5YW1eQ%3D%3D&utm_id=20109199427&gad_source=1&gclid=CjwKCAjwhIS0BhBqEiwADAUhc0_SASKqB-PLyWTqpads6ibLibyqbTwsBhDKT4CGQp2hdobwB620EhoCWvAQAvD_BwE"; VariantName = "[No Variations]"
Add component (AddParameter): Name = "Manufacturer"; Value = "Texas Instruments"; VariantName = "[No Variations]"
Add component (AddParameter): Name = "Package"; Value = "VSSOP-8"; VariantName = "[No Variations]"
Add component (AddParameter): Name = "Part Number"; Value = "TMP275AIDGKR"; VariantName = "[No Variations]"
Added Pin To Net: NetName=+3V3 Pin=J6-7
Added Pin To Net: NetName=GND Pin=J6-8
Added Pin To Net: NetName=GND-A Pin=J6-SHIELD
Added Pin To Net: NetName=GND-A Pin=J6-SHIELD
Added Pin To Net: NetName=GND Pin=U2-4
Added Pin To Net: NetName=GND Pin=U2-5
Added Pin To Net: NetName=+3V3 Pin=U2-8
Added Pin To Net: NetName=ADD0 Pin=J6-4
Added Pin To Net: NetName=ADD0 Pin=U2-7
Added Net: Name=ADD0
Added Pin To Net: NetName=ADD1 Pin=J6-5
Added Pin To Net: NetName=ADD1 Pin=U2-6
Added Net: Name=ADD1
Added Pin To Net: NetName=I2C_SCL Pin=J6-6
Added Pin To Net: NetName=I2C_SCL Pin=U2-2
Added Net: Name=I2C_SCL
Added Pin To Net: NetName=I2C_SDA Pin=J6-3
Added Pin To Net: NetName=I2C_SDA Pin=U2-1
Added Net: Name=I2C_SDA
Added Pin To Net: NetName=NetD1_1 Pin=J6-2
Added Net: Name=NetD1_1
Added Pin To Net: NetName=NetD1_2 Pin=J6-1
Added Net: Name=NetD1_2
Added Class: Name=SiPM_Smart_Probe
Added Room: Name=SiPM_Smart_Probe
